<?xml version="1.0" encoding="UTF-8"?>
<testsuite xmlns:xsi="http://www.w3.org/2001/XMLSchema-instance" xsi:noNamespaceSchemaLocation="https://maven.apache.org/surefire/maven-surefire-plugin/xsd/surefire-test-report-3.0.xsd" version="3.0" name="com.spring.docker.SpringDockerProjectApplicationTests" time="6.77" tests="1" errors="0" skipped="0" failures="0">
  <properties>
[...]
</properties>
  <testcase name="contextLoads" classname="com.spring.docker.SpringDockerProjectApplicationTests" time="2.007">
    <system-out><![CDATA[13:09:37.814 [main] INFO org.springframework.test.context.support.AnnotationConfigContextLoaderUtils -- Could not detect default configuration classes for test class [com.spring.docker.SpringDockerProjectApplicationTests]: SpringDockerProjectApplicationTests does not declare any static, non-private, non-final, nested classes annotated with @Configuration.
13:09:38.165 [main] INFO org.springframework.boot.test.context.SpringBootTestContextBootstrapper -- Found @SpringBootConfiguration com.spring.docker.SpringDockerProjectApplication for test class com.spring.docker.SpringDockerProjectApplicationTests

  .   ____          _            __ _ _
 /\\ / ___'_ __ _ _(_)_ __  __ _ \ \ \ \
( ( )\___ | '_ | '_| | '_ \/ _` | \ \ \ \
 \\/  ___)| |_)| | | | | || (_| |  ) ) ) )
  '  |____| .__|_| |_|_| |_\__, | / / / /
 =========|_|==============|___/=/_/_/_/
 :: Spring Boot ::                (v3.2.0)

2023-12-16T13:09:39.081+05:30  INFO 2560 --- [           main] .s.d.SpringDockerProjectApplicationTests : Starting SpringDockerProjectApplicationTests using Java 17.0.8.1 with PID 2560 (started by asus in G:\SpringDockerProject)
2023-12-16T13:09:39.090+05:30  INFO 2560 --- [           main] .s.d.SpringDockerProjectApplicationTests : No active profile set, falling back to 1 default profile: "default"
2023-12-16T13:09:42.091+05:30  INFO 2560 --- [           main] .s.d.SpringDockerProjectApplicationTests : Started SpringDockerProjectApplicationTests in 3.607 seconds (process running for 6.145)
]]></system-out>
  </testcase>
</testsuite>